<?xml version="1.0" encoding="UTF-8"?>
<!-- Generated by org.testng.reporters.JUnitReportReporter -->
<testsuite hostname="DESKTOP-AK72CGG" failures="0" tests="2" name="Git.AddUser" time="3.214" errors="0" timestamp="2023-05-12T00:17:52 PDT" skipped="0">
  <testcase classname="Git.AddUser" name="CreateUser2" time="0.081"/>
  <system-out/>
  <testcase classname="Git.AddUser" name="CreateUser1" time="3.133"/>
  <system-out/>
</testsuite> <!-- Git.AddUser -->
